<?xml version="1.0" encoding="UTF-8"?>
<!-- Generated by org.testng.reporters.JUnitReportReporter -->
<testsuite skipped="1" hostname="sukh-SINGHs-MBP.fios-router.home" name="com.demo.runner.E1CommerceRunner" tests="1" failures="0" timestamp="14 Nov 2018 01:32:33 GMT" time="0.000" errors="0">
  <testcase name="feature" time="0.000" classname="com.demo.runner.E1CommerceRunner">
    <skipped/>
  </testcase> <!-- feature -->
</testsuite> <!-- com.demo.runner.E1CommerceRunner -->
